mode: atomic
github.com/talismanco/mirror/pkg/cmd/must_validate.go:14.62,15.54 1 0
github.com/talismanco/mirror/pkg/cmd/must_validate.go:15.54,17.3 1 0
github.com/talismanco/mirror/pkg/cmd/must_validate.go:22.71,23.61 1 0
github.com/talismanco/mirror/pkg/cmd/must_validate.go:23.61,25.3 1 0
github.com/talismanco/mirror/pkg/cmd/must_validate.go:30.40,32.16 2 0
github.com/talismanco/mirror/pkg/cmd/must_validate.go:37.2,37.14 1 0
github.com/talismanco/mirror/pkg/cmd/must_validate.go:32.16,34.3 1 0
github.com/talismanco/mirror/pkg/cmd/must_validate.go:37.14,39.3 1 0
github.com/talismanco/mirror/pkg/cmd/must_validate.go:43.32,45.16 2 0
github.com/talismanco/mirror/pkg/cmd/must_validate.go:49.2,49.20 1 0
github.com/talismanco/mirror/pkg/cmd/must_validate.go:45.16,47.3 1 0
github.com/talismanco/mirror/pkg/cmd/must_validate.go:49.20,51.3 1 0
github.com/talismanco/mirror/pkg/cmd/use.go:19.52,21.16 2 0
github.com/talismanco/mirror/pkg/cmd/use.go:25.2,26.16 2 0
github.com/talismanco/mirror/pkg/cmd/use.go:21.16,23.3 1 0
github.com/talismanco/mirror/pkg/cmd/use.go:34.45,44.17 5 0
github.com/talismanco/mirror/pkg/cmd/use.go:48.3,49.17 2 0
github.com/talismanco/mirror/pkg/cmd/use.go:53.3,53.21 1 0
github.com/talismanco/mirror/pkg/cmd/use.go:57.3,58.17 2 0
github.com/talismanco/mirror/pkg/cmd/use.go:62.3,63.17 2 0
github.com/talismanco/mirror/pkg/cmd/use.go:67.3,67.79 1 0
github.com/talismanco/mirror/pkg/cmd/use.go:71.3,71.35 1 0
github.com/talismanco/mirror/pkg/cmd/use.go:97.3,97.43 1 0
github.com/talismanco/mirror/pkg/cmd/use.go:101.3,101.86 1 0
github.com/talismanco/mirror/pkg/cmd/use.go:44.17,46.4 1 0
github.com/talismanco/mirror/pkg/cmd/use.go:49.17,51.4 1 0
github.com/talismanco/mirror/pkg/cmd/use.go:53.21,55.4 1 0
github.com/talismanco/mirror/pkg/cmd/use.go:58.17,60.4 1 0
github.com/talismanco/mirror/pkg/cmd/use.go:63.17,65.4 1 0
github.com/talismanco/mirror/pkg/cmd/use.go:67.79,69.4 1 0
github.com/talismanco/mirror/pkg/cmd/use.go:71.35,75.18 3 0
github.com/talismanco/mirror/pkg/cmd/use.go:79.4,79.15 1 0
github.com/talismanco/mirror/pkg/cmd/use.go:83.4,84.18 2 0
github.com/talismanco/mirror/pkg/cmd/use.go:87.4,89.47 2 0
github.com/talismanco/mirror/pkg/cmd/use.go:94.4,94.52 1 0
github.com/talismanco/mirror/pkg/cmd/use.go:75.18,77.5 1 0
github.com/talismanco/mirror/pkg/cmd/use.go:79.15,81.5 1 0
github.com/talismanco/mirror/pkg/cmd/use.go:84.18,86.5 1 0
github.com/talismanco/mirror/pkg/cmd/use.go:89.47,91.5 1 0
github.com/talismanco/mirror/pkg/cmd/use.go:97.43,99.4 1 0
github.com/talismanco/mirror/pkg/cmd/validate.go:20.43,30.3 4 0
github.com/talismanco/mirror/pkg/cmd/delete.go:20.43,25.37 3 0
github.com/talismanco/mirror/pkg/cmd/delete.go:25.37,28.55 2 0
github.com/talismanco/mirror/pkg/cmd/delete.go:37.4,37.50 1 0
github.com/talismanco/mirror/pkg/cmd/delete.go:42.4,42.83 1 0
github.com/talismanco/mirror/pkg/cmd/delete.go:29.20,31.13 2 0
github.com/talismanco/mirror/pkg/cmd/delete.go:32.17,34.13 2 0
github.com/talismanco/mirror/pkg/cmd/delete.go:37.50,39.13 2 0
github.com/talismanco/mirror/pkg/cmd/list.go:19.47,21.16 2 0
github.com/talismanco/mirror/pkg/cmd/list.go:24.2,27.16 3 0
github.com/talismanco/mirror/pkg/cmd/list.go:31.2,32.29 2 0
github.com/talismanco/mirror/pkg/cmd/list.go:36.2,36.21 1 0
github.com/talismanco/mirror/pkg/cmd/list.go:21.16,23.3 1 0
github.com/talismanco/mirror/pkg/cmd/list.go:27.16,29.3 1 0
github.com/talismanco/mirror/pkg/cmd/list.go:32.29,34.3 1 0
github.com/talismanco/mirror/pkg/cmd/list.go:43.45,49.17 4 0
github.com/talismanco/mirror/pkg/cmd/list.go:54.3,55.35 2 0
github.com/talismanco/mirror/pkg/cmd/list.go:58.3,61.30 3 0
github.com/talismanco/mirror/pkg/cmd/list.go:75.3,75.40 1 0
github.com/talismanco/mirror/pkg/cmd/list.go:49.17,51.4 1 0
github.com/talismanco/mirror/pkg/cmd/list.go:55.35,57.4 1 0
github.com/talismanco/mirror/pkg/cmd/list.go:61.30,63.18 2 0
github.com/talismanco/mirror/pkg/cmd/list.go:67.4,68.18 2 0
github.com/talismanco/mirror/pkg/cmd/list.go:72.4,72.45 1 0
github.com/talismanco/mirror/pkg/cmd/list.go:63.18,65.5 1 0
github.com/talismanco/mirror/pkg/cmd/list.go:68.18,70.5 1 0
github.com/talismanco/mirror/pkg/cmd/list.go:75.40,77.4 1 0
github.com/talismanco/mirror/pkg/cmd/list.go:77.9,79.4 1 0
github.com/talismanco/mirror/pkg/cmd/root.go:11.12,46.2 19 0
github.com/talismanco/mirror/pkg/cmd/save.go:21.43,35.54 6 0
github.com/talismanco/mirror/pkg/cmd/save.go:54.3,54.69 1 0
github.com/talismanco/mirror/pkg/cmd/save.go:58.3,59.17 2 0
github.com/talismanco/mirror/pkg/cmd/save.go:63.3,63.93 1 0
github.com/talismanco/mirror/pkg/cmd/save.go:67.3,67.62 1 0
github.com/talismanco/mirror/pkg/cmd/save.go:36.19,37.43 1 0
github.com/talismanco/mirror/pkg/cmd/save.go:38.15,41.18 2 0
github.com/talismanco/mirror/pkg/cmd/save.go:45.4,45.24 1 0
github.com/talismanco/mirror/pkg/cmd/save.go:49.4,49.50 1 0
github.com/talismanco/mirror/pkg/cmd/save.go:41.18,43.5 1 0
github.com/talismanco/mirror/pkg/cmd/save.go:45.24,47.5 1 0
github.com/talismanco/mirror/pkg/cmd/save.go:49.50,51.5 1 0
github.com/talismanco/mirror/pkg/cmd/save.go:54.69,56.4 1 0
github.com/talismanco/mirror/pkg/cmd/save.go:59.17,61.4 1 0
github.com/talismanco/mirror/pkg/cmd/save.go:63.93,65.4 1 0
github.com/talismanco/mirror/pkg/cmd/version.go:17.43,21.23 3 0
github.com/talismanco/mirror/pkg/cmd/version.go:21.23,23.4 1 0
github.com/talismanco/mirror/pkg/cmd/version.go:23.9,25.4 1 0
github.com/talismanco/mirror/pkg/cmd/download.go:22.43,33.17 5 0
github.com/talismanco/mirror/pkg/cmd/download.go:37.3,37.54 1 0
github.com/talismanco/mirror/pkg/cmd/download.go:52.3,54.18 1 0
github.com/talismanco/mirror/pkg/cmd/download.go:59.3,59.81 1 0
github.com/talismanco/mirror/pkg/cmd/download.go:63.3,63.68 1 0
github.com/talismanco/mirror/pkg/cmd/download.go:33.17,35.4 1 0
github.com/talismanco/mirror/pkg/cmd/download.go:38.19,39.47 1 0
github.com/talismanco/mirror/pkg/cmd/download.go:40.15,41.68 1 0
github.com/talismanco/mirror/pkg/cmd/download.go:46.4,46.50 1 0
github.com/talismanco/mirror/pkg/cmd/download.go:41.68,43.5 1 0
github.com/talismanco/mirror/pkg/cmd/download.go:46.50,48.5 1 0
github.com/talismanco/mirror/pkg/cmd/download.go:54.18,56.4 1 0
github.com/talismanco/mirror/pkg/cmd/download.go:59.81,61.4 1 0
github.com/talismanco/mirror/pkg/cmd/bash_completion.go:14.38,17.75 2 0
github.com/talismanco/mirror/pkg/cmd/bash_completion.go:21.2,21.75 1 0
github.com/talismanco/mirror/pkg/cmd/bash_completion.go:25.2,26.16 2 0
github.com/talismanco/mirror/pkg/cmd/bash_completion.go:30.2,33.16 3 0
github.com/talismanco/mirror/pkg/cmd/bash_completion.go:36.2,45.52 4 0
github.com/talismanco/mirror/pkg/cmd/bash_completion.go:49.2,49.12 1 0
github.com/talismanco/mirror/pkg/cmd/bash_completion.go:17.75,19.3 1 0
github.com/talismanco/mirror/pkg/cmd/bash_completion.go:21.75,23.3 1 0
github.com/talismanco/mirror/pkg/cmd/bash_completion.go:26.16,28.3 1 0
github.com/talismanco/mirror/pkg/cmd/bash_completion.go:33.16,35.3 1 0
github.com/talismanco/mirror/pkg/cmd/bash_completion.go:45.52,47.3 1 0
github.com/talismanco/mirror/pkg/cmd/bash_completion.go:57.40,58.51 1 0
github.com/talismanco/mirror/pkg/cmd/bash_completion.go:62.3,62.58 1 0
github.com/talismanco/mirror/pkg/cmd/bash_completion.go:58.51,60.4 1 0
github.com/talismanco/mirror/pkg/cmd/init.go:17.40,19.84 1 0
github.com/talismanco/mirror/pkg/cmd/init.go:27.3,27.81 1 0
github.com/talismanco/mirror/pkg/cmd/init.go:31.3,31.37 1 0
github.com/talismanco/mirror/pkg/cmd/init.go:19.84,20.66 1 0
github.com/talismanco/mirror/pkg/cmd/init.go:20.66,22.5 1 0
github.com/talismanco/mirror/pkg/cmd/init.go:23.9,23.24 1 0
github.com/talismanco/mirror/pkg/cmd/init.go:23.24,25.4 1 0
github.com/talismanco/mirror/pkg/cmd/init.go:27.81,29.4 1 0
github.com/talismanco/mirror/pkg/cmd/metadata.go:12.73,16.16 3 0
github.com/talismanco/mirror/pkg/cmd/metadata.go:19.2,24.39 4 0
github.com/talismanco/mirror/pkg/cmd/metadata.go:28.2,28.12 1 0
github.com/talismanco/mirror/pkg/cmd/metadata.go:16.16,18.3 1 0
github.com/talismanco/mirror/pkg/cmd/metadata.go:24.39,26.3 1 0
github.com/talismanco/mirror/pkg/cmd/rename.go:14.52,15.52 1 0
github.com/talismanco/mirror/pkg/cmd/rename.go:19.2,19.12 1 0
github.com/talismanco/mirror/pkg/cmd/rename.go:15.52,17.3 1 0
github.com/talismanco/mirror/pkg/cmd/rename.go:27.43,37.58 4 0
github.com/talismanco/mirror/pkg/cmd/rename.go:43.3,44.17 2 0
github.com/talismanco/mirror/pkg/cmd/rename.go:48.3,49.17 2 0
github.com/talismanco/mirror/pkg/cmd/rename.go:53.3,53.63 1 0
github.com/talismanco/mirror/pkg/cmd/rename.go:57.3,57.79 1 0
github.com/talismanco/mirror/pkg/cmd/rename.go:37.58,39.4 1 0
github.com/talismanco/mirror/pkg/cmd/rename.go:39.9,39.17 1 0
github.com/talismanco/mirror/pkg/cmd/rename.go:39.17,41.4 1 0
github.com/talismanco/mirror/pkg/cmd/rename.go:44.17,46.4 1 0
github.com/talismanco/mirror/pkg/cmd/rename.go:49.17,51.4 1 0
github.com/talismanco/mirror/pkg/cmd/rename.go:53.63,55.4 1 0
github.com/talismanco/mirror/pkg/cmd/flags.go:7.52,9.2 1 0
github.com/talismanco/mirror/pkg/cmd/flags.go:11.56,13.2 1 0
github.com/talismanco/mirror/pkg/prompt/prompt.go:27.54,29.2 1 1
github.com/talismanco/mirror/pkg/prompt/prompt.go:31.66,32.13 1 2
github.com/talismanco/mirror/pkg/prompt/prompt.go:36.2,36.23 1 1
github.com/talismanco/mirror/pkg/prompt/prompt.go:32.13,34.3 1 1
github.com/talismanco/mirror/pkg/prompt/prompt.go:41.55,43.2 1 1
github.com/talismanco/mirror/pkg/prompt/prompt.go:59.67,60.37 1 10
github.com/talismanco/mirror/pkg/prompt/prompt.go:64.2,64.21 1 2
github.com/talismanco/mirror/pkg/prompt/prompt.go:60.37,62.3 1 8
github.com/talismanco/mirror/pkg/prompt/prompt.go:70.65,72.2 1 1
github.com/talismanco/mirror/pkg/prompt/prompt.go:74.77,75.13 1 8
github.com/talismanco/mirror/pkg/prompt/prompt.go:86.2,86.18 1 1
github.com/talismanco/mirror/pkg/prompt/prompt.go:75.13,77.48 2 7
github.com/talismanco/mirror/pkg/prompt/prompt.go:83.3,83.25 1 2
github.com/talismanco/mirror/pkg/prompt/prompt.go:77.48,81.4 2 5
github.com/talismanco/mirror/pkg/prompt/prompt.go:91.41,92.33 1 3
github.com/talismanco/mirror/pkg/prompt/prompt.go:109.2,109.38 1 1
github.com/talismanco/mirror/pkg/prompt/prompt.go:93.12,94.28 1 1
github.com/talismanco/mirror/pkg/prompt/prompt.go:95.21,96.23 1 1
github.com/talismanco/mirror/pkg/prompt/prompt.go:101.3,102.28 2 1
github.com/talismanco/mirror/pkg/prompt/prompt.go:106.3,106.33 1 1
github.com/talismanco/mirror/pkg/prompt/prompt.go:96.23,99.4 2 0
github.com/talismanco/mirror/pkg/prompt/prompt.go:102.28,104.4 1 2
github.com/talismanco/mirror/pkg/prompt/prompt.go:112.33,115.16 3 0
github.com/talismanco/mirror/pkg/prompt/prompt.go:119.2,119.44 1 0
github.com/talismanco/mirror/pkg/prompt/prompt.go:115.16,117.3 1 0
github.com/talismanco/mirror/pkg/prompt/prompt.go:125.67,129.28 3 0
github.com/talismanco/mirror/pkg/prompt/prompt.go:129.28,130.25 1 0
github.com/talismanco/mirror/pkg/prompt/prompt.go:146.3,146.21 1 0
github.com/talismanco/mirror/pkg/prompt/prompt.go:130.25,136.18 4 0
github.com/talismanco/mirror/pkg/prompt/prompt.go:140.4,141.18 2 0
github.com/talismanco/mirror/pkg/prompt/prompt.go:136.18,138.5 1 0
github.com/talismanco/mirror/pkg/prompt/prompt.go:141.18,143.5 1 0
github.com/talismanco/mirror/pkg/template/functions.go:25.29,25.61 1 0
github.com/talismanco/mirror/pkg/template/functions.go:26.29,28.18 2 0
github.com/talismanco/mirror/pkg/template/functions.go:32.4,32.17 1 0
github.com/talismanco/mirror/pkg/template/functions.go:28.18,30.5 1 0
github.com/talismanco/mirror/pkg/template/functions.go:34.37,36.18 2 0
github.com/talismanco/mirror/pkg/template/functions.go:40.4,40.31 1 0
github.com/talismanco/mirror/pkg/template/functions.go:36.18,38.5 1 0
github.com/talismanco/mirror/pkg/template/functions.go:43.52,47.20 3 0
github.com/talismanco/mirror/pkg/template/functions.go:58.4,64.67 6 0
github.com/talismanco/mirror/pkg/template/functions.go:68.4,69.17 2 0
github.com/talismanco/mirror/pkg/template/functions.go:83.4,83.17 1 0
github.com/talismanco/mirror/pkg/template/functions.go:48.80,49.28 1 0
github.com/talismanco/mirror/pkg/template/functions.go:50.85,51.29 1 0
github.com/talismanco/mirror/pkg/template/functions.go:52.42,53.21 1 0
github.com/talismanco/mirror/pkg/template/functions.go:54.12,55.14 1 0
github.com/talismanco/mirror/pkg/template/functions.go:64.67,66.5 1 0
github.com/talismanco/mirror/pkg/template/functions.go:69.17,71.5 1 0
github.com/talismanco/mirror/pkg/template/functions.go:71.10,71.24 1 0
github.com/talismanco/mirror/pkg/template/functions.go:71.24,73.5 1 0
github.com/talismanco/mirror/pkg/template/functions.go:73.10,73.24 1 0
github.com/talismanco/mirror/pkg/template/functions.go:73.24,75.5 1 0
github.com/talismanco/mirror/pkg/template/functions.go:75.10,75.24 1 0
github.com/talismanco/mirror/pkg/template/functions.go:75.24,77.5 1 0
github.com/talismanco/mirror/pkg/template/functions.go:77.10,77.24 1 0
github.com/talismanco/mirror/pkg/template/functions.go:77.24,79.5 1 0
github.com/talismanco/mirror/pkg/template/functions.go:79.10,81.5 1 0
github.com/talismanco/mirror/pkg/template/functions.go:108.42,112.2 2 0
github.com/talismanco/mirror/pkg/template/metadata.go:19.37,22.2 2 0
github.com/talismanco/mirror/pkg/template/metadata.go:33.25,35.2 1 1
github.com/talismanco/mirror/pkg/template/metadata.go:38.50,42.2 2 1
github.com/talismanco/mirror/pkg/template/metadata.go:45.50,47.16 2 1
github.com/talismanco/mirror/pkg/template/metadata.go:51.2,53.12 2 1
github.com/talismanco/mirror/pkg/template/metadata.go:47.16,49.3 1 0
github.com/talismanco/mirror/pkg/template/metadata.go:57.35,59.2 1 2
github.com/talismanco/mirror/pkg/template/template.go:31.38,33.2 1 0
github.com/talismanco/mirror/pkg/template/template.go:36.42,38.16 2 0
github.com/talismanco/mirror/pkg/template/template.go:43.2,43.66 1 0
github.com/talismanco/mirror/pkg/template/template.go:67.2,68.16 2 0
github.com/talismanco/mirror/pkg/template/template.go:72.2,72.38 1 0
github.com/talismanco/mirror/pkg/template/template.go:90.2,95.8 1 0
github.com/talismanco/mirror/pkg/template/template.go:38.16,40.3 1 0
github.com/talismanco/mirror/pkg/template/template.go:43.66,45.17 2 0
github.com/talismanco/mirror/pkg/template/template.go:52.3,55.17 3 0
github.com/talismanco/mirror/pkg/template/template.go:59.3,60.56 2 0
github.com/talismanco/mirror/pkg/template/template.go:64.3,64.23 1 0
github.com/talismanco/mirror/pkg/template/template.go:45.17,46.26 1 0
github.com/talismanco/mirror/pkg/template/template.go:50.4,50.19 1 0
github.com/talismanco/mirror/pkg/template/template.go:46.26,48.5 1 0
github.com/talismanco/mirror/pkg/template/template.go:55.17,57.4 1 0
github.com/talismanco/mirror/pkg/template/template.go:60.56,62.4 1 0
github.com/talismanco/mirror/pkg/template/template.go:68.16,70.3 1 0
github.com/talismanco/mirror/pkg/template/template.go:72.38,73.22 1 0
github.com/talismanco/mirror/pkg/template/template.go:77.3,78.17 2 0
github.com/talismanco/mirror/pkg/template/template.go:82.3,83.47 2 0
github.com/talismanco/mirror/pkg/template/template.go:87.3,87.16 1 0
github.com/talismanco/mirror/pkg/template/template.go:73.22,75.4 1 0
github.com/talismanco/mirror/pkg/template/template.go:78.17,80.4 1 0
github.com/talismanco/mirror/pkg/template/template.go:83.47,85.4 1 0
github.com/talismanco/mirror/pkg/template/template.go:108.42,110.2 1 0
github.com/talismanco/mirror/pkg/template/template.go:112.37,113.30 1 0
github.com/talismanco/mirror/pkg/template/template.go:113.30,114.46 1 0
github.com/talismanco/mirror/pkg/template/template.go:144.3,144.26 1 0
github.com/talismanco/mirror/pkg/template/template.go:114.46,117.25 2 0
github.com/talismanco/mirror/pkg/template/template.go:141.4,141.12 1 0
github.com/talismanco/mirror/pkg/template/template.go:117.25,118.28 1 0
github.com/talismanco/mirror/pkg/template/template.go:118.28,119.40 1 0
github.com/talismanco/mirror/pkg/template/template.go:119.40,120.30 1 0
github.com/talismanco/mirror/pkg/template/template.go:126.7,126.16 1 0
github.com/talismanco/mirror/pkg/template/template.go:122.26,123.20 1 0
github.com/talismanco/mirror/pkg/template/template.go:128.11,131.40 2 0
github.com/talismanco/mirror/pkg/template/template.go:131.40,132.44 1 0
github.com/talismanco/mirror/pkg/template/template.go:136.7,136.15 1 0
github.com/talismanco/mirror/pkg/template/template.go:132.44,134.8 1 0
github.com/talismanco/mirror/pkg/template/template.go:144.26,145.38 1 0
github.com/talismanco/mirror/pkg/template/template.go:145.38,146.26 1 0
github.com/talismanco/mirror/pkg/template/template.go:152.5,152.13 1 0
github.com/talismanco/mirror/pkg/template/template.go:148.24,149.17 1 0
github.com/talismanco/mirror/pkg/template/template.go:154.9,156.4 1 0
github.com/talismanco/mirror/pkg/template/template.go:161.55,164.44 2 0
github.com/talismanco/mirror/pkg/template/template.go:172.2,172.88 1 0
github.com/talismanco/mirror/pkg/template/template.go:164.44,168.3 2 0
github.com/talismanco/mirror/pkg/template/template.go:172.88,173.17 1 0
github.com/talismanco/mirror/pkg/template/template.go:178.3,179.17 2 0
github.com/talismanco/mirror/pkg/template/template.go:183.3,192.53 3 0
github.com/talismanco/mirror/pkg/template/template.go:196.3,200.19 3 0
github.com/talismanco/mirror/pkg/template/template.go:253.3,253.13 1 0
github.com/talismanco/mirror/pkg/template/template.go:173.17,175.4 1 0
github.com/talismanco/mirror/pkg/template/template.go:179.17,181.4 1 0
github.com/talismanco/mirror/pkg/template/template.go:192.53,194.4 1 0
github.com/talismanco/mirror/pkg/template/template.go:200.19,201.49 1 0
github.com/talismanco/mirror/pkg/template/template.go:201.49,202.25 1 0
github.com/talismanco/mirror/pkg/template/template.go:202.25,204.6 1 0
github.com/talismanco/mirror/pkg/template/template.go:206.9,208.18 2 0
github.com/talismanco/mirror/pkg/template/template.go:213.4,213.67 1 0
github.com/talismanco/mirror/pkg/template/template.go:217.4,218.18 2 0
github.com/talismanco/mirror/pkg/template/template.go:221.4,223.29 2 0
github.com/talismanco/mirror/pkg/template/template.go:236.4,244.81 3 0
github.com/talismanco/mirror/pkg/template/template.go:248.4,248.28 1 0
github.com/talismanco/mirror/pkg/template/template.go:208.18,210.5 1 0
github.com/talismanco/mirror/pkg/template/template.go:213.67,215.5 1 0
github.com/talismanco/mirror/pkg/template/template.go:218.18,220.5 1 0
github.com/talismanco/mirror/pkg/template/template.go:223.29,225.19 2 0
github.com/talismanco/mirror/pkg/template/template.go:230.5,230.35 1 0
github.com/talismanco/mirror/pkg/template/template.go:225.19,228.6 2 0
github.com/talismanco/mirror/pkg/template/template.go:230.35,233.6 2 0
github.com/talismanco/mirror/pkg/template/template.go:244.81,246.5 1 0
github.com/talismanco/mirror/pkg/template/template.go:248.28,250.5 1 0
github.com/talismanco/mirror/pkg/util/stringutil/stringutil.go:12.40,15.2 2 2
github.com/talismanco/mirror/pkg/util/stringutil/stringutil.go:19.45,21.21 2 1
github.com/talismanco/mirror/pkg/util/stringutil/stringutil.go:25.2,25.22 1 1
github.com/talismanco/mirror/pkg/util/stringutil/stringutil.go:21.21,23.3 1 4
github.com/talismanco/mirror/pkg/util/stringutil/stringutil.go:28.46,31.2 2 1
github.com/talismanco/mirror/pkg/util/stringutil/stringutil.go:33.31,35.2 1 1
